{"C:\\Users\\Nícolas Aigner\\PROJETOS\\PESSOAL\\semanajsexpert-spotify-template\\server\\config.js": {"path":"C:\\Users\\Nícolas Aigner\\PROJETOS\\PESSOAL\\semanajsexpert-spotify-template\\server\\config.js","statementMap":{"0":{"start":{"line":3,"column":19},"end":{"line":3,"column":58}},"1":{"start":{"line":4,"column":13},"end":{"line":4,"column":36}},"2":{"start":{"line":5,"column":23},"end":{"line":5,"column":42}},"3":{"start":{"line":6,"column":24},"end":{"line":6,"column":44}}},"fnMap":{},"branchMap":{"0":{"loc":{"start":{"line":9,"column":10},"end":{"line":9,"column":34}},"type":"binary-expr","locations":[{"start":{"line":9,"column":10},"end":{"line":9,"column":26}},{"start":{"line":9,"column":30},"end":{"line":9,"column":34}}],"line":9}},"s":{"0":3,"1":3,"2":3,"3":3},"f":{},"b":{"0":[3,3]},"_coverageSchema":"1a1c01bbd47fc00a2c39e90264f33305004495a9","hash":"484d126f5e3140735b71363524578b95b51b01e5"}
,"C:\\Users\\Nícolas Aigner\\PROJETOS\\PESSOAL\\semanajsexpert-spotify-template\\server\\controller.js": {"path":"C:\\Users\\Nícolas Aigner\\PROJETOS\\PESSOAL\\semanajsexpert-spotify-template\\server\\controller.js","statementMap":{"0":{"start":{"line":5,"column":8},"end":{"line":5,"column":37}},"1":{"start":{"line":9,"column":8},"end":{"line":9,"column":52}}},"fnMap":{"0":{"name":"(anonymous_0)","decl":{"start":{"line":4,"column":4},"end":{"line":4,"column":5}},"loc":{"start":{"line":4,"column":18},"end":{"line":6,"column":5}},"line":4},"1":{"name":"(anonymous_1)","decl":{"start":{"line":8,"column":4},"end":{"line":8,"column":5}},"loc":{"start":{"line":8,"column":34},"end":{"line":10,"column":5}},"line":8}},"branchMap":{},"s":{"0":2,"1":1},"f":{"0":2,"1":1},"b":{},"_coverageSchema":"1a1c01bbd47fc00a2c39e90264f33305004495a9","hash":"b5f1678c36e620b9b9896df3e273cba6bc2955cd"}
,"C:\\Users\\Nícolas Aigner\\PROJETOS\\PESSOAL\\semanajsexpert-spotify-template\\server\\routes.js": {"path":"C:\\Users\\Nícolas Aigner\\PROJETOS\\PESSOAL\\semanajsexpert-spotify-template\\server\\routes.js","statementMap":{"0":{"start":{"line":14,"column":4},"end":{"line":14,"column":10}},"1":{"start":{"line":16,"column":19},"end":{"line":16,"column":35}},"2":{"start":{"line":19,"column":26},"end":{"line":19,"column":29}},"3":{"start":{"line":21,"column":4},"end":{"line":26,"column":5}},"4":{"start":{"line":22,"column":8},"end":{"line":24,"column":11}},"5":{"start":{"line":25,"column":8},"end":{"line":25,"column":25}},"6":{"start":{"line":28,"column":4},"end":{"line":37,"column":5}},"7":{"start":{"line":31,"column":12},"end":{"line":31,"column":52}},"8":{"start":{"line":36,"column":8},"end":{"line":36,"column":32}},"9":{"start":{"line":39,"column":4},"end":{"line":48,"column":5}},"10":{"start":{"line":42,"column":12},"end":{"line":42,"column":58}},"11":{"start":{"line":47,"column":8},"end":{"line":47,"column":32}},"12":{"start":{"line":51,"column":4},"end":{"line":64,"column":5}},"13":{"start":{"line":55,"column":12},"end":{"line":55,"column":47}},"14":{"start":{"line":56,"column":28},"end":{"line":56,"column":46}},"15":{"start":{"line":57,"column":8},"end":{"line":61,"column":9}},"16":{"start":{"line":58,"column":12},"end":{"line":60,"column":15}},"17":{"start":{"line":63,"column":8},"end":{"line":63,"column":32}},"18":{"start":{"line":66,"column":4},"end":{"line":66,"column":23}},"19":{"start":{"line":67,"column":4},"end":{"line":67,"column":21}},"20":{"start":{"line":71,"column":4},"end":{"line":75,"column":5}},"21":{"start":{"line":72,"column":8},"end":{"line":72,"column":55}},"22":{"start":{"line":73,"column":8},"end":{"line":73,"column":32}},"23":{"start":{"line":74,"column":8},"end":{"line":74,"column":30}},"24":{"start":{"line":77,"column":4},"end":{"line":77,"column":55}},"25":{"start":{"line":78,"column":4},"end":{"line":78,"column":28}},"26":{"start":{"line":79,"column":4},"end":{"line":79,"column":26}},"27":{"start":{"line":83,"column":2},"end":{"line":83,"column":62}},"28":{"start":{"line":83,"column":39},"end":{"line":83,"column":60}}},"fnMap":{"0":{"name":"routes","decl":{"start":{"line":18,"column":15},"end":{"line":18,"column":21}},"loc":{"start":{"line":18,"column":32},"end":{"line":68,"column":1}},"line":18},"1":{"name":"handleError","decl":{"start":{"line":70,"column":9},"end":{"line":70,"column":20}},"loc":{"start":{"line":70,"column":38},"end":{"line":80,"column":1}},"line":70},"2":{"name":"handler","decl":{"start":{"line":82,"column":16},"end":{"line":82,"column":23}},"loc":{"start":{"line":82,"column":34},"end":{"line":84,"column":1}},"line":82},"3":{"name":"(anonymous_3)","decl":{"start":{"line":83,"column":32},"end":{"line":83,"column":33}},"loc":{"start":{"line":83,"column":39},"end":{"line":83,"column":60}},"line":83}},"branchMap":{"0":{"loc":{"start":{"line":21,"column":4},"end":{"line":26,"column":5}},"type":"if","locations":[{"start":{"line":21,"column":4},"end":{"line":26,"column":5}},{"start":{},"end":{}}],"line":21},"1":{"loc":{"start":{"line":21,"column":8},"end":{"line":21,"column":39}},"type":"binary-expr","locations":[{"start":{"line":21,"column":8},"end":{"line":21,"column":24}},{"start":{"line":21,"column":28},"end":{"line":21,"column":39}}],"line":21},"2":{"loc":{"start":{"line":28,"column":4},"end":{"line":37,"column":5}},"type":"if","locations":[{"start":{"line":28,"column":4},"end":{"line":37,"column":5}},{"start":{},"end":{}}],"line":28},"3":{"loc":{"start":{"line":28,"column":8},"end":{"line":28,"column":43}},"type":"binary-expr","locations":[{"start":{"line":28,"column":8},"end":{"line":28,"column":24}},{"start":{"line":28,"column":28},"end":{"line":28,"column":43}}],"line":28},"4":{"loc":{"start":{"line":39,"column":4},"end":{"line":48,"column":5}},"type":"if","locations":[{"start":{"line":39,"column":4},"end":{"line":48,"column":5}},{"start":{},"end":{}}],"line":39},"5":{"loc":{"start":{"line":39,"column":8},"end":{"line":39,"column":49}},"type":"binary-expr","locations":[{"start":{"line":39,"column":8},"end":{"line":39,"column":24}},{"start":{"line":39,"column":28},"end":{"line":39,"column":49}}],"line":39},"6":{"loc":{"start":{"line":51,"column":4},"end":{"line":64,"column":5}},"type":"if","locations":[{"start":{"line":51,"column":4},"end":{"line":64,"column":5}},{"start":{},"end":{}}],"line":51},"7":{"loc":{"start":{"line":57,"column":8},"end":{"line":61,"column":9}},"type":"if","locations":[{"start":{"line":57,"column":8},"end":{"line":61,"column":9}},{"start":{},"end":{}}],"line":57},"8":{"loc":{"start":{"line":71,"column":4},"end":{"line":75,"column":5}},"type":"if","locations":[{"start":{"line":71,"column":4},"end":{"line":75,"column":5}},{"start":{},"end":{}}],"line":71}},"s":{"0":1,"1":1,"2":8,"3":8,"4":1,"5":1,"6":7,"7":1,"8":1,"9":6,"10":1,"11":1,"12":5,"13":4,"14":2,"15":2,"16":1,"17":2,"18":1,"19":1,"20":2,"21":1,"22":1,"23":1,"24":1,"25":1,"26":1,"27":8,"28":2},"f":{"0":8,"1":2,"2":8,"3":2},"b":{"0":[1,7],"1":[8,7],"2":[1,6],"3":[7,6],"4":[1,5],"5":[6,5],"6":[4,1],"7":[1,1],"8":[1,1]},"_coverageSchema":"1a1c01bbd47fc00a2c39e90264f33305004495a9","hash":"82390770cf2120517776e69a273c5426c6055599"}
,"C:\\Users\\Nícolas Aigner\\PROJETOS\\PESSOAL\\semanajsexpert-spotify-template\\server\\service.js": {"path":"C:\\Users\\Nícolas Aigner\\PROJETOS\\PESSOAL\\semanajsexpert-spotify-template\\server\\service.js","statementMap":{"0":{"start":{"line":11,"column":4},"end":{"line":11,"column":10}},"1":{"start":{"line":16,"column":8},"end":{"line":16,"column":45}},"2":{"start":{"line":20,"column":29},"end":{"line":20,"column":56}},"3":{"start":{"line":21,"column":8},"end":{"line":21,"column":46}},"4":{"start":{"line":22,"column":25},"end":{"line":22,"column":46}},"5":{"start":{"line":23,"column":8},"end":{"line":26,"column":9}},"6":{"start":{"line":32,"column":12},"end":{"line":32,"column":40}},"7":{"start":{"line":33,"column":8},"end":{"line":36,"column":9}}},"fnMap":{"0":{"name":"(anonymous_0)","decl":{"start":{"line":15,"column":4},"end":{"line":15,"column":5}},"loc":{"start":{"line":15,"column":31},"end":{"line":17,"column":5}},"line":15},"1":{"name":"(anonymous_1)","decl":{"start":{"line":19,"column":4},"end":{"line":19,"column":5}},"loc":{"start":{"line":19,"column":28},"end":{"line":27,"column":5}},"line":19},"2":{"name":"(anonymous_2)","decl":{"start":{"line":29,"column":4},"end":{"line":29,"column":5}},"loc":{"start":{"line":29,"column":30},"end":{"line":37,"column":5}},"line":29}},"branchMap":{},"s":{"0":3,"1":1,"2":1,"3":1,"4":1,"5":1,"6":1,"7":1},"f":{"0":1,"1":1,"2":1},"b":{},"_coverageSchema":"1a1c01bbd47fc00a2c39e90264f33305004495a9","hash":"cb327be2ca8f364fefdfd828c0bb38fb3eda337d"}
,"C:\\Users\\Nícolas Aigner\\PROJETOS\\PESSOAL\\semanajsexpert-spotify-template\\server\\util.js": {"path":"C:\\Users\\Nícolas Aigner\\PROJETOS\\PESSOAL\\semanajsexpert-spotify-template\\server\\util.js","statementMap":{"0":{"start":{"line":3,"column":12},"end":{"line":11,"column":2}},"1":{"start":{"line":13,"column":22},"end":{"line":13,"column":25}}},"fnMap":{},"branchMap":{},"s":{"0":1,"1":1},"f":{},"b":{},"_coverageSchema":"1a1c01bbd47fc00a2c39e90264f33305004495a9","hash":"09edff431a1768d0a2c615680ab365af051da3f5"}
,"C:\\Users\\Nícolas Aigner\\PROJETOS\\PESSOAL\\semanajsexpert-spotify-template\\tests\\unit\\_util\\testUtil.js": {"path":"C:\\Users\\Nícolas Aigner\\PROJETOS\\PESSOAL\\semanajsexpert-spotify-template\\tests\\unit\\_util\\testUtil.js","statementMap":{"0":{"start":{"line":8,"column":8},"end":{"line":15,"column":11}},"1":{"start":{"line":10,"column":16},"end":{"line":12,"column":17}},"2":{"start":{"line":11,"column":20},"end":{"line":11,"column":36}},"3":{"start":{"line":13,"column":16},"end":{"line":13,"column":32}},"4":{"start":{"line":19,"column":8},"end":{"line":24,"column":11}},"5":{"start":{"line":21,"column":16},"end":{"line":21,"column":30}},"6":{"start":{"line":22,"column":16},"end":{"line":22,"column":32}},"7":{"start":{"line":28,"column":30},"end":{"line":28,"column":82}},"8":{"start":{"line":29,"column":25},"end":{"line":29,"column":66}},"9":{"start":{"line":31,"column":21},"end":{"line":41,"column":9}},"10":{"start":{"line":43,"column":8},"end":{"line":46,"column":10}},"11":{"start":{"line":44,"column":26},"end":{"line":44,"column":45}}},"fnMap":{"0":{"name":"(anonymous_0)","decl":{"start":{"line":7,"column":4},"end":{"line":7,"column":5}},"loc":{"start":{"line":7,"column":40},"end":{"line":16,"column":5}},"line":7},"1":{"name":"(anonymous_1)","decl":{"start":{"line":9,"column":12},"end":{"line":9,"column":13}},"loc":{"start":{"line":9,"column":19},"end":{"line":14,"column":13}},"line":9},"2":{"name":"(anonymous_2)","decl":{"start":{"line":18,"column":4},"end":{"line":18,"column":5}},"loc":{"start":{"line":18,"column":42},"end":{"line":25,"column":5}},"line":18},"3":{"name":"(anonymous_3)","decl":{"start":{"line":20,"column":12},"end":{"line":20,"column":13}},"loc":{"start":{"line":20,"column":34},"end":{"line":23,"column":13}},"line":20},"4":{"name":"(anonymous_4)","decl":{"start":{"line":27,"column":4},"end":{"line":27,"column":5}},"loc":{"start":{"line":27,"column":33},"end":{"line":47,"column":5}},"line":27},"5":{"name":"(anonymous_5)","decl":{"start":{"line":29,"column":57},"end":{"line":29,"column":58}},"loc":{"start":{"line":29,"column":63},"end":{"line":29,"column":65}},"line":29},"6":{"name":"(anonymous_6)","decl":{"start":{"line":44,"column":20},"end":{"line":44,"column":21}},"loc":{"start":{"line":44,"column":26},"end":{"line":44,"column":45}},"line":44}},"branchMap":{},"s":{"0":15,"1":0,"2":0,"3":0,"4":8,"5":0,"6":0,"7":8,"8":8,"9":8,"10":8,"11":8},"f":{"0":15,"1":0,"2":8,"3":0,"4":8,"5":0,"6":8},"b":{},"_coverageSchema":"1a1c01bbd47fc00a2c39e90264f33305004495a9","hash":"552a39194b1640916c59ad71c583d8c3dee3c84f"}
}
