TN:
SF:server\config.js
FNF:0
FNH:0
DA:3,3
DA:4,3
DA:5,3
DA:6,3
LF:4
LH:4
BRDA:9,0,0,3
BRDA:9,0,1,3
BRF:2
BRH:2
end_of_record
TN:
SF:server\controller.js
FN:4,(anonymous_0)
FN:8,(anonymous_1)
FNF:2
FNH:2
FNDA:2,(anonymous_0)
FNDA:1,(anonymous_1)
DA:5,2
DA:9,1
LF:2
LH:2
BRF:0
BRH:0
end_of_record
TN:
SF:server\routes.js
FN:18,routes
FN:70,handleError
FN:82,handler
FN:83,(anonymous_3)
FNF:4
FNH:4
FNDA:8,routes
FNDA:2,handleError
FNDA:8,handler
FNDA:2,(anonymous_3)
DA:14,1
DA:16,1
DA:19,8
DA:21,8
DA:22,1
DA:25,1
DA:28,7
DA:31,1
DA:36,1
DA:39,6
DA:42,1
DA:47,1
DA:51,5
DA:55,4
DA:56,2
DA:57,2
DA:58,1
DA:63,2
DA:66,1
DA:67,1
DA:71,2
DA:72,1
DA:73,1
DA:74,1
DA:77,1
DA:78,1
DA:79,1
DA:83,8
LF:28
LH:28
BRDA:21,0,0,1
BRDA:21,0,1,7
BRDA:21,1,0,8
BRDA:21,1,1,7
BRDA:28,2,0,1
BRDA:28,2,1,6
BRDA:28,3,0,7
BRDA:28,3,1,6
BRDA:39,4,0,1
BRDA:39,4,1,5
BRDA:39,5,0,6
BRDA:39,5,1,5
BRDA:51,6,0,4
BRDA:51,6,1,1
BRDA:57,7,0,1
BRDA:57,7,1,1
BRDA:71,8,0,1
BRDA:71,8,1,1
BRF:18
BRH:18
end_of_record
TN:
SF:server\service.js
FN:15,(anonymous_0)
FN:19,(anonymous_1)
FN:29,(anonymous_2)
FNF:3
FNH:3
FNDA:1,(anonymous_0)
FNDA:1,(anonymous_1)
FNDA:1,(anonymous_2)
DA:11,3
DA:16,1
DA:20,1
DA:21,1
DA:22,1
DA:23,1
DA:32,1
DA:33,1
LF:8
LH:8
BRF:0
BRH:0
end_of_record
TN:
SF:server\util.js
FNF:0
FNH:0
DA:3,1
DA:13,1
LF:2
LH:2
BRF:0
BRH:0
end_of_record
TN:
SF:tests\unit\_util\testUtil.js
FN:7,(anonymous_0)
FN:9,(anonymous_1)
FN:18,(anonymous_2)
FN:20,(anonymous_3)
FN:27,(anonymous_4)
FN:29,(anonymous_5)
FN:44,(anonymous_6)
FNF:7
FNH:4
FNDA:15,(anonymous_0)
FNDA:0,(anonymous_1)
FNDA:8,(anonymous_2)
FNDA:0,(anonymous_3)
FNDA:8,(anonymous_4)
FNDA:0,(anonymous_5)
FNDA:8,(anonymous_6)
DA:8,15
DA:10,0
DA:11,0
DA:13,0
DA:19,8
DA:21,0
DA:22,0
DA:28,8
DA:29,8
DA:31,8
DA:43,8
DA:44,8
LF:12
LH:7
BRF:0
BRH:0
end_of_record
